build/app/intermediates/manifest_merge_blame_file/release/manifest-merger-blame-release-report.txt
1<?xml version="1.0" encoding="utf-8"?>
2<manifest xmlns:android="http://schemas.android.com/apk/res/android"
3    package="com.app.gifthamperz"
4    android:versionCode="1"
5    android:versionName="1.0.0" >
6
7    <uses-sdk
8        android:minSdkVersion="21"
8-->src\main\AndroidManifest.xml
9        android:targetSdkVersion="33" />
9-->src\main\AndroidManifest.xml
10
11    <uses-permission android:name="android.permission.INTERNET" />
11-->src\main\AndroidManifest.xml:4:5-67
11-->src\main\AndroidManifest.xml:4:22-64
12    <uses-permission android:name="android.permission.WRITE_EXTERNAL_STORAGE" />
12-->src\main\AndroidManifest.xml:5:5-81
12-->src\main\AndroidManifest.xml:5:22-78
13    <uses-permission
13-->src\main\AndroidManifest.xml:6:5-7:38
14        android:name="android.permission.READ_EXTERNAL_STORAGE"
14-->src\main\AndroidManifest.xml:6:22-77
15        android:maxSdkVersion="32" />
15-->src\main\AndroidManifest.xml:7:9-35
16    <uses-permission android:name="android.permission.ACCESS_FINE_LOCATION" />
16-->src\main\AndroidManifest.xml:8:5-79
16-->src\main\AndroidManifest.xml:8:22-76
17    <uses-permission android:name="android.permission.ACCESS_COARSE_LOCATION" />
17-->src\main\AndroidManifest.xml:9:5-81
17-->src\main\AndroidManifest.xml:9:22-78
18    <uses-permission android:name="android.permission.ACCESS_BACKGROUND_LOCATION" />
18-->src\main\AndroidManifest.xml:10:5-85
18-->src\main\AndroidManifest.xml:10:22-82
19    <uses-permission android:name="android.permission.READ_MEDIA_IMAGES" />
19-->src\main\AndroidManifest.xml:11:5-76
19-->src\main\AndroidManifest.xml:11:22-73
20    <uses-permission android:name="android.permission.READ_MEDIA_VIDEO" />
20-->src\main\AndroidManifest.xml:12:5-75
20-->src\main\AndroidManifest.xml:12:22-72
21    <uses-permission android:name="android.permission.READ_MEDIA_AUDIO" />
21-->src\main\AndroidManifest.xml:13:5-75
21-->src\main\AndroidManifest.xml:13:22-72
22    <uses-permission android:name="android.permission.ACCESS_NETWORK_STATE" />
22-->[:connectivity_plus] AndroidManifest.xml:9:5-79
22-->[:connectivity_plus] AndroidManifest.xml:9:22-76
23
24    <queries>
24-->[com.razorpay:checkout:1.6.36] AndroidManifest.xml:10:5-39:15
25        <intent>
25-->[com.razorpay:checkout:1.6.36] AndroidManifest.xml:11:9-17:18
26            <action android:name="android.intent.action.VIEW" />
26-->[com.razorpay:checkout:1.6.36] AndroidManifest.xml:12:13-65
26-->[com.razorpay:checkout:1.6.36] AndroidManifest.xml:12:21-62
27
28            <data
28-->[com.razorpay:checkout:1.6.36] AndroidManifest.xml:14:13-16:38
29                android:mimeType="*/*"
29-->[com.razorpay:checkout:1.6.36] AndroidManifest.xml:15:17-39
30                android:scheme="*" />
30-->[com.razorpay:checkout:1.6.36] AndroidManifest.xml:16:17-35
31        </intent>
32        <intent>
32-->[com.razorpay:checkout:1.6.36] AndroidManifest.xml:18:9-27:18
33            <action android:name="android.intent.action.VIEW" />
33-->[com.razorpay:checkout:1.6.36] AndroidManifest.xml:12:13-65
33-->[com.razorpay:checkout:1.6.36] AndroidManifest.xml:12:21-62
34
35            <category android:name="android.intent.category.BROWSABLE" />
35-->[com.razorpay:checkout:1.6.36] AndroidManifest.xml:21:13-74
35-->[com.razorpay:checkout:1.6.36] AndroidManifest.xml:21:23-71
36
37            <data
37-->[com.razorpay:checkout:1.6.36] AndroidManifest.xml:14:13-16:38
38                android:host="pay"
39                android:mimeType="*/*"
39-->[com.razorpay:checkout:1.6.36] AndroidManifest.xml:15:17-39
40                android:scheme="upi" />
40-->[com.razorpay:checkout:1.6.36] AndroidManifest.xml:16:17-35
41        </intent>
42        <intent>
42-->[com.razorpay:checkout:1.6.36] AndroidManifest.xml:28:9-30:18
43            <action android:name="android.intent.action.MAIN" />
43-->src\main\AndroidManifest.xml:35:17-69
43-->src\main\AndroidManifest.xml:35:25-66
44        </intent>
45        <intent>
45-->[com.razorpay:checkout:1.6.36] AndroidManifest.xml:31:9-35:18
46            <action android:name="android.intent.action.SEND" />
46-->[com.razorpay:checkout:1.6.36] AndroidManifest.xml:32:13-65
46-->[com.razorpay:checkout:1.6.36] AndroidManifest.xml:32:21-62
47
48            <data android:mimeType="*/*" />
48-->[com.razorpay:checkout:1.6.36] AndroidManifest.xml:14:13-16:38
48-->[com.razorpay:checkout:1.6.36] AndroidManifest.xml:15:17-39
49        </intent>
50        <intent>
50-->[com.razorpay:checkout:1.6.36] AndroidManifest.xml:36:9-38:18
51            <action android:name="rzp.device_token.share" />
51-->[com.razorpay:checkout:1.6.36] AndroidManifest.xml:37:13-61
51-->[com.razorpay:checkout:1.6.36] AndroidManifest.xml:37:21-58
52        </intent>
53    </queries>
54
55    <uses-feature
55-->[com.google.android.gms:play-services-maps:17.0.0] AndroidManifest.xml:26:5-28:35
56        android:glEsVersion="0x00020000"
56-->[com.google.android.gms:play-services-maps:17.0.0] AndroidManifest.xml:27:9-41
57        android:required="true" />
57-->[com.google.android.gms:play-services-maps:17.0.0] AndroidManifest.xml:28:9-32
58
59    <permission
59-->[androidx.core:core:1.10.1] AndroidManifest.xml:22:5-24:47
60        android:name="com.app.gifthamperz.DYNAMIC_RECEIVER_NOT_EXPORTED_PERMISSION"
60-->[androidx.core:core:1.10.1] AndroidManifest.xml:23:9-81
61        android:protectionLevel="signature" />
61-->[androidx.core:core:1.10.1] AndroidManifest.xml:24:9-44
62
63    <uses-permission android:name="com.app.gifthamperz.DYNAMIC_RECEIVER_NOT_EXPORTED_PERMISSION" />
63-->[androidx.core:core:1.10.1] AndroidManifest.xml:26:5-97
63-->[androidx.core:core:1.10.1] AndroidManifest.xml:26:22-94
64
65    <application
66        android:name="android.app.Application"
66-->src\main\AndroidManifest.xml:17:9-42
67        android:appComponentFactory="androidx.core.app.CoreComponentFactory"
67-->[androidx.core:core:1.10.1] AndroidManifest.xml:28:18-86
68        android:hardwareAccelerated="true"
68-->src\main\AndroidManifest.xml:18:9-43
69        android:icon="@mipmap/ic_launcher"
69-->src\main\AndroidManifest.xml:21:9-43
70        android:label="Gift Hamperz"
70-->src\main\AndroidManifest.xml:16:9-37
71        android:requestLegacyExternalStorage="true"
71-->src\main\AndroidManifest.xml:19:9-52
72        android:usesCleartextTraffic="true" >
72-->src\main\AndroidManifest.xml:20:9-44
73        <activity
73-->src\main\AndroidManifest.xml:22:9-38:20
74            android:name="com.app.gifthamperz.MainActivity"
74-->src\main\AndroidManifest.xml:23:13-41
75            android:configChanges="orientation|keyboardHidden|keyboard|screenSize|smallestScreenSize|locale|layoutDirection|fontScale|screenLayout|density|uiMode"
75-->src\main\AndroidManifest.xml:27:13-163
76            android:exported="true"
76-->src\main\AndroidManifest.xml:24:13-36
77            android:hardwareAccelerated="true"
77-->src\main\AndroidManifest.xml:28:13-47
78            android:launchMode="singleTop"
78-->src\main\AndroidManifest.xml:25:13-43
79            android:theme="@style/LaunchTheme"
79-->src\main\AndroidManifest.xml:26:13-47
80            android:windowSoftInputMode="adjustResize" >
80-->src\main\AndroidManifest.xml:29:13-55
81            <meta-data
81-->src\main\AndroidManifest.xml:30:13-33:15
82                android:name="io.flutter.embedding.android.NormalTheme"
82-->src\main\AndroidManifest.xml:31:17-72
83                android:resource="@style/NormalTheme" />
83-->src\main\AndroidManifest.xml:32:17-54
84
85            <intent-filter>
85-->src\main\AndroidManifest.xml:34:13-37:29
86                <action android:name="android.intent.action.MAIN" />
86-->src\main\AndroidManifest.xml:35:17-69
86-->src\main\AndroidManifest.xml:35:25-66
87
88                <category android:name="android.intent.category.LAUNCHER" />
88-->src\main\AndroidManifest.xml:36:17-77
88-->src\main\AndroidManifest.xml:36:27-74
89            </intent-filter>
90        </activity>
91
92        <meta-data
92-->src\main\AndroidManifest.xml:39:9-41:33
93            android:name="flutterEmbedding"
93-->src\main\AndroidManifest.xml:40:13-44
94            android:value="2" />
94-->src\main\AndroidManifest.xml:41:13-30
95
96        <activity
96-->src\main\AndroidManifest.xml:42:9-45:72
97            android:name="com.yalantis.ucrop.UCropActivity"
97-->src\main\AndroidManifest.xml:43:13-60
98            android:screenOrientation="portrait"
98-->src\main\AndroidManifest.xml:44:13-49
99            android:theme="@style/Theme.AppCompat.Light.NoActionBar" />
99-->src\main\AndroidManifest.xml:45:13-69
100
101        <provider
101-->[:image_picker_android] AndroidManifest.xml:10:9-18:20
102            android:name="io.flutter.plugins.imagepicker.ImagePickerFileProvider"
102-->[:image_picker_android] AndroidManifest.xml:11:13-82
103            android:authorities="com.app.gifthamperz.flutter.image_provider"
103-->[:image_picker_android] AndroidManifest.xml:12:13-74
104            android:exported="false"
104-->[:image_picker_android] AndroidManifest.xml:13:13-37
105            android:grantUriPermissions="true" >
105-->[:image_picker_android] AndroidManifest.xml:14:13-47
106            <meta-data
106-->[:image_picker_android] AndroidManifest.xml:15:13-17:75
107                android:name="android.support.FILE_PROVIDER_PATHS"
107-->[:image_picker_android] AndroidManifest.xml:16:17-67
108                android:resource="@xml/flutter_image_picker_file_paths" />
108-->[:image_picker_android] AndroidManifest.xml:17:17-72
109        </provider>
110
111        <receiver
111-->[com.razorpay:checkout:1.6.36] AndroidManifest.xml:42:9-49:20
112            android:name="com.razorpay.RzpTokenReceiver"
112-->[com.razorpay:checkout:1.6.36] AndroidManifest.xml:43:13-57
113            android:exported="true" >
113-->[com.razorpay:checkout:1.6.36] AndroidManifest.xml:44:13-36
114            <intent-filter>
114-->[com.razorpay:checkout:1.6.36] AndroidManifest.xml:46:13-48:29
115                <action android:name="rzp.device_token.share" />
115-->[com.razorpay:checkout:1.6.36] AndroidManifest.xml:37:13-61
115-->[com.razorpay:checkout:1.6.36] AndroidManifest.xml:37:21-58
116            </intent-filter>
117        </receiver>
118
119        <activity
119-->[com.razorpay:checkout:1.6.36] AndroidManifest.xml:51:9-59:20
120            android:name="com.razorpay.CheckoutActivity"
120-->[com.razorpay:checkout:1.6.36] AndroidManifest.xml:52:13-57
121            android:configChanges="keyboard|keyboardHidden|orientation|screenSize"
121-->[com.razorpay:checkout:1.6.36] AndroidManifest.xml:53:13-83
122            android:exported="false"
122-->[com.razorpay:checkout:1.6.36] AndroidManifest.xml:54:13-37
123            android:theme="@style/CheckoutTheme" >
123-->[com.razorpay:checkout:1.6.36] AndroidManifest.xml:55:13-49
124            <intent-filter>
124-->[com.razorpay:checkout:1.6.36] AndroidManifest.xml:56:13-58:29
125                <action android:name="android.intent.action.MAIN" />
125-->src\main\AndroidManifest.xml:35:17-69
125-->src\main\AndroidManifest.xml:35:25-66
126            </intent-filter>
127        </activity>
128
129        <meta-data
129-->[com.razorpay:checkout:1.6.36] AndroidManifest.xml:61:9-63:58
130            android:name="com.razorpay.plugin.googlepay_all"
130-->[com.razorpay:checkout:1.6.36] AndroidManifest.xml:62:13-61
131            android:value="com.razorpay.RzpGpayMerged" />
131-->[com.razorpay:checkout:1.6.36] AndroidManifest.xml:63:13-55
132
133        <activity
133-->[com.google.android.gms:play-services-auth:20.4.0] AndroidManifest.xml:23:9-27:75
134            android:name="com.google.android.gms.auth.api.signin.internal.SignInHubActivity"
134-->[com.google.android.gms:play-services-auth:20.4.0] AndroidManifest.xml:24:13-93
135            android:excludeFromRecents="true"
135-->[com.google.android.gms:play-services-auth:20.4.0] AndroidManifest.xml:25:13-46
136            android:exported="false"
136-->[com.google.android.gms:play-services-auth:20.4.0] AndroidManifest.xml:26:13-37
137            android:theme="@android:style/Theme.Translucent.NoTitleBar" />
137-->[com.google.android.gms:play-services-auth:20.4.0] AndroidManifest.xml:27:13-72
138        <!--
139            Service handling Google Sign-In user revocation. For apps that do not integrate with
140            Google Sign-In, this service will never be started.
141        -->
142        <service
142-->[com.google.android.gms:play-services-auth:20.4.0] AndroidManifest.xml:33:9-37:51
143            android:name="com.google.android.gms.auth.api.signin.RevocationBoundService"
143-->[com.google.android.gms:play-services-auth:20.4.0] AndroidManifest.xml:34:13-89
144            android:exported="true"
144-->[com.google.android.gms:play-services-auth:20.4.0] AndroidManifest.xml:35:13-36
145            android:permission="com.google.android.gms.auth.api.signin.permission.REVOCATION_NOTIFICATION"
145-->[com.google.android.gms:play-services-auth:20.4.0] AndroidManifest.xml:36:13-107
146            android:visibleToInstantApps="true" /> <!-- Needs to be explicitly declared on P+ -->
146-->[com.google.android.gms:play-services-auth:20.4.0] AndroidManifest.xml:37:13-48
147        <uses-library
147-->[com.google.android.gms:play-services-maps:17.0.0] AndroidManifest.xml:33:9-35:40
148            android:name="org.apache.http.legacy"
148-->[com.google.android.gms:play-services-maps:17.0.0] AndroidManifest.xml:34:13-50
149            android:required="false" />
149-->[com.google.android.gms:play-services-maps:17.0.0] AndroidManifest.xml:35:13-37
150
151        <activity
151-->[com.google.android.gms:play-services-base:18.0.1] AndroidManifest.xml:20:9-22:45
152            android:name="com.google.android.gms.common.api.GoogleApiActivity"
152-->[com.google.android.gms:play-services-base:18.0.1] AndroidManifest.xml:20:19-85
153            android:exported="false"
153-->[com.google.android.gms:play-services-base:18.0.1] AndroidManifest.xml:22:19-43
154            android:theme="@android:style/Theme.Translucent.NoTitleBar" />
154-->[com.google.android.gms:play-services-base:18.0.1] AndroidManifest.xml:21:19-78
155
156        <meta-data
156-->[com.google.android.gms:play-services-basement:18.1.0] AndroidManifest.xml:21:9-23:69
157            android:name="com.google.android.gms.version"
157-->[com.google.android.gms:play-services-basement:18.1.0] AndroidManifest.xml:22:13-58
158            android:value="@integer/google_play_services_version" />
158-->[com.google.android.gms:play-services-basement:18.1.0] AndroidManifest.xml:23:13-66
159
160        <uses-library
160-->[androidx.window:window:1.0.0-beta04] AndroidManifest.xml:25:9-27:40
161            android:name="androidx.window.extensions"
161-->[androidx.window:window:1.0.0-beta04] AndroidManifest.xml:26:13-54
162            android:required="false" />
162-->[androidx.window:window:1.0.0-beta04] AndroidManifest.xml:27:13-37
163        <uses-library
163-->[androidx.window:window:1.0.0-beta04] AndroidManifest.xml:28:9-30:40
164            android:name="androidx.window.sidecar"
164-->[androidx.window:window:1.0.0-beta04] AndroidManifest.xml:29:13-51
165            android:required="false" />
165-->[androidx.window:window:1.0.0-beta04] AndroidManifest.xml:30:13-37
166
167        <provider
167-->[androidx.profileinstaller:profileinstaller:1.3.0] AndroidManifest.xml:24:9-32:20
168            android:name="androidx.startup.InitializationProvider"
168-->[androidx.profileinstaller:profileinstaller:1.3.0] AndroidManifest.xml:25:13-67
169            android:authorities="com.app.gifthamperz.androidx-startup"
169-->[androidx.profileinstaller:profileinstaller:1.3.0] AndroidManifest.xml:26:13-68
170            android:exported="false" >
170-->[androidx.profileinstaller:profileinstaller:1.3.0] AndroidManifest.xml:27:13-37
171            <meta-data
171-->[androidx.profileinstaller:profileinstaller:1.3.0] AndroidManifest.xml:29:13-31:52
172                android:name="androidx.profileinstaller.ProfileInstallerInitializer"
172-->[androidx.profileinstaller:profileinstaller:1.3.0] AndroidManifest.xml:30:17-85
173                android:value="androidx.startup" />
173-->[androidx.profileinstaller:profileinstaller:1.3.0] AndroidManifest.xml:31:17-49
174        </provider>
175
176        <receiver
176-->[androidx.profileinstaller:profileinstaller:1.3.0] AndroidManifest.xml:34:9-52:20
177            android:name="androidx.profileinstaller.ProfileInstallReceiver"
177-->[androidx.profileinstaller:profileinstaller:1.3.0] AndroidManifest.xml:35:13-76
178            android:directBootAware="false"
178-->[androidx.profileinstaller:profileinstaller:1.3.0] AndroidManifest.xml:36:13-44
179            android:enabled="true"
179-->[androidx.profileinstaller:profileinstaller:1.3.0] AndroidManifest.xml:37:13-35
180            android:exported="true"
180-->[androidx.profileinstaller:profileinstaller:1.3.0] AndroidManifest.xml:38:13-36
181            android:permission="android.permission.DUMP" >
181-->[androidx.profileinstaller:profileinstaller:1.3.0] AndroidManifest.xml:39:13-57
182            <intent-filter>
182-->[androidx.profileinstaller:profileinstaller:1.3.0] AndroidManifest.xml:40:13-42:29
183                <action android:name="androidx.profileinstaller.action.INSTALL_PROFILE" />
183-->[androidx.profileinstaller:profileinstaller:1.3.0] AndroidManifest.xml:41:17-91
183-->[androidx.profileinstaller:profileinstaller:1.3.0] AndroidManifest.xml:41:25-88
184            </intent-filter>
185            <intent-filter>
185-->[androidx.profileinstaller:profileinstaller:1.3.0] AndroidManifest.xml:43:13-45:29
186                <action android:name="androidx.profileinstaller.action.SKIP_FILE" />
186-->[androidx.profileinstaller:profileinstaller:1.3.0] AndroidManifest.xml:44:17-85
186-->[androidx.profileinstaller:profileinstaller:1.3.0] AndroidManifest.xml:44:25-82
187            </intent-filter>
188            <intent-filter>
188-->[androidx.profileinstaller:profileinstaller:1.3.0] AndroidManifest.xml:46:13-48:29
189                <action android:name="androidx.profileinstaller.action.SAVE_PROFILE" />
189-->[androidx.profileinstaller:profileinstaller:1.3.0] AndroidManifest.xml:47:17-88
189-->[androidx.profileinstaller:profileinstaller:1.3.0] AndroidManifest.xml:47:25-85
190            </intent-filter>
191            <intent-filter>
191-->[androidx.profileinstaller:profileinstaller:1.3.0] AndroidManifest.xml:49:13-51:29
192                <action android:name="androidx.profileinstaller.action.BENCHMARK_OPERATION" />
192-->[androidx.profileinstaller:profileinstaller:1.3.0] AndroidManifest.xml:50:17-95
192-->[androidx.profileinstaller:profileinstaller:1.3.0] AndroidManifest.xml:50:25-92
193            </intent-filter>
194        </receiver>
195    </application>
196
197</manifest> <!-- android:enableOnBackInvokedCallback="true" -->